<?xml version="1.0" encoding="UTF-8"?>
<!-- Generated by org.testng.reporters.JUnitReportReporter -->
<testsuite hostname="xbta-not" failures="0" tests="1" name="uia3.TesteSeletor" time="3.764" errors="1" timestamp="3 Jun 2021 02:41:23 GMT">
  <testcase classname="uia3.TesteSeletor" name="deve_iniciar_app" time="3.764">
    <error message="class uia3.HomeController cannot be cast to class br.com.dsg.legui.controller.LeGuiController (uia3.HomeController and br.com.dsg.legui.controller.LeGuiController are in unnamed module of loader &#039;app&#039;)" type="java.lang.ClassCastException">
      <![CDATA[java.lang.ClassCastException: class uia3.HomeController cannot be cast to class br.com.dsg.legui.controller.LeGuiController (uia3.HomeController and br.com.dsg.legui.controller.LeGuiController are in unnamed module of loader 'app')
	at br.com.dsg.legui.controller.eventos.EventListenerAtualizarConteudo.handleEvent(EventListenerAtualizarConteudo.java:12)
	at br.com.dsg.legui.controller.eventos.EventListenerAtualizarConteudo.handleEvent(EventListenerAtualizarConteudo.java:1)
	at br.com.dsg.legui.controller.AbstractController.fireEvent(AbstractController.java:129)
	at br.com.dsg.legui.controller.AbstractController.fireEvent(AbstractController.java:133)
	at uia3.HomeController.lambda$0(HomeController.java:33)
	at br.com.dsg.legui.controller.AbstractController.lambda$0(AbstractController.java:111)
	at org.liquidengine.legui.listener.processor.EventProcessorImpl.processEvents(EventProcessorImpl.java:39)
	at br.com.dsg.legui.controller.StartLeGui.start(StartLeGui.java:186)
	at uia3.TesteSeletor.deve_iniciar_app(TesteSeletor.java:17)
	at java.base/jdk.internal.reflect.NativeMethodAccessorImpl.invoke0(Native Method)
	at java.base/jdk.internal.reflect.NativeMethodAccessorImpl.invoke(NativeMethodAccessorImpl.java:62)
	at java.base/jdk.internal.reflect.DelegatingMethodAccessorImpl.invoke(DelegatingMethodAccessorImpl.java:43)
	at java.base/java.lang.reflect.Method.invoke(Method.java:566)
	at org.testng.internal.MethodInvocationHelper.invokeMethod(MethodInvocationHelper.java:86)
	at org.testng.internal.Invoker.invokeMethod(Invoker.java:643)
	at org.testng.internal.Invoker.invokeTestMethod(Invoker.java:820)
	at org.testng.internal.Invoker.invokeTestMethods(Invoker.java:1128)
	at org.testng.internal.TestMethodWorker.invokeTestMethods(TestMethodWorker.java:129)
	at org.testng.internal.TestMethodWorker.run(TestMethodWorker.java:112)
	at org.testng.TestRunner.privateRun(TestRunner.java:782)
	at org.testng.TestRunner.run(TestRunner.java:632)
	at org.testng.SuiteRunner.runTest(SuiteRunner.java:366)
	at org.testng.SuiteRunner.runSequentially(SuiteRunner.java:361)
	at org.testng.SuiteRunner.privateRun(SuiteRunner.java:319)
	at org.testng.SuiteRunner.run(SuiteRunner.java:268)
	at org.testng.SuiteRunnerWorker.runSuite(SuiteRunnerWorker.java:52)
	at org.testng.SuiteRunnerWorker.run(SuiteRunnerWorker.java:86)
	at org.testng.TestNG.runSuitesSequentially(TestNG.java:1244)
	at org.testng.TestNG.runSuitesLocally(TestNG.java:1169)
	at org.testng.TestNG.run(TestNG.java:1064)
	at org.testng.remote.AbstractRemoteTestNG.run(AbstractRemoteTestNG.java:115)
	at org.testng.remote.RemoteTestNG.initAndRun(RemoteTestNG.java:251)
	at org.testng.remote.RemoteTestNG.main(RemoteTestNG.java:77)
]]>
    </error>
  </testcase> <!-- deve_iniciar_app -->
</testsuite> <!-- uia3.TesteSeletor -->
