<?xml version="1.0" encoding="UTF-8"?>
<!-- Generated by org.testng.reporters.JUnitReportReporter -->
<testsuite hostname="xbta-not" failures="0" tests="1" name="uia3.TesteStart" time="14.431" errors="0" timestamp="3 Jun 2021 04:32:27 GMT">
  <testcase classname="uia3.TesteStart" name="deve_iniciar_app" time="14.431"/>
</testsuite> <!-- uia3.TesteStart -->
